# JRE version: OpenJDK Runtime Environment (8.0_212-b04) (build 1.8.0_212-release-1586-b04)
# Java VM: OpenJDK 64-Bit Server VM (25.212-b04 mixed mode windows-amd64 compressed oops)
Heap:
 PSYoungGen      total 415744K, used 321544K [0x00000000e0000000, 0x00000000ffe80000, 0x0000000100000000)
  eden space 321024K, 83% used [0x00000000e0000000,0x00000000f0549660,0x00000000f3980000)
  from space 94720K, 56% used [0x00000000f9780000,0x00000000fcc38b90,0x00000000ff400000)
  to   space 96256K, 0% used [0x00000000f3980000,0x00000000f3980000,0x00000000f9780000)
 ParOldGen       total 449024K, used 188409K [0x00000000a0000000, 0x00000000bb680000, 0x00000000e0000000)
  object space 449024K, 41% used [0x00000000a0000000,0x00000000ab7fe5b8,0x00000000bb680000)
 Metaspace       used 248838K, capacity 265094K, committed 267072K, reserved 1280000K
  class space    used 32066K, capacity 35023K, committed 36440K, reserved 1048576K
GC Heap History (10 events):
Event: 23527.791 GC heap before
{Heap before GC invocations=94 (full 6):
 PSYoungGen      total 313344K, used 313178K [0x00000000e0000000, 0x00000000ff600000, 0x0000000100000000)
  eden space 295936K, 100% used [0x00000000e0000000,0x00000000f2100000,0x00000000f2100000)
  from space 17408K, 99% used [0x00000000f2100000,0x00000000f31d68a8,0x00000000f3200000)
  to   space 109056K, 0% used [0x00000000f8b80000,0x00000000f8b80000,0x00000000ff600000)
 ParOldGen       total 449024K, used 145185K [0x00000000a0000000, 0x00000000bb680000, 0x00000000e0000000)
  object space 449024K, 32% used [0x00000000a0000000,0x00000000a8dc85a0,0x00000000bb680000)
 Metaspace       used 210804K, capacity 224426K, committed 246976K, reserved 1259520K
  class space    used 27020K, capacity 29387K, committed 36440K, reserved 1048576K
Event: 23527.867 GC heap after
Heap after GC invocations=94 (full 6):
 PSYoungGen      total 408064K, used 19383K [0x00000000e0000000, 0x0000000100000000, 0x0000000100000000)
  eden space 299008K, 0% used [0x00000000e0000000,0x00000000e0000000,0x00000000f2400000)
  from space 109056K, 17% used [0x00000000f8b80000,0x00000000f9e6dce0,0x00000000ff600000)
  to   space 105984K, 0% used [0x00000000f2400000,0x00000000f2400000,0x00000000f8b80000)
 ParOldGen       total 449024K, used 145784K [0x00000000a0000000, 0x00000000bb680000, 0x00000000e0000000)
  object space 449024K, 32% used [0x00000000a0000000,0x00000000a8e5e3e0,0x00000000bb680000)
 Metaspace       used 210804K, capacity 224426K, committed 246976K, reserved 1259520K
  class space    used 27020K, capacity 29387K, committed 36440K, reserved 1048576K
}
Event: 26957.817 GC heap before
{Heap before GC invocations=95 (full 6):
 PSYoungGen      total 408064K, used 318391K [0x00000000e0000000, 0x0000000100000000, 0x0000000100000000)
  eden space 299008K, 100% used [0x00000000e0000000,0x00000000f2400000,0x00000000f2400000)
  from space 109056K, 17% used [0x00000000f8b80000,0x00000000f9e6dce0,0x00000000ff600000)
  to   space 105984K, 0% used [0x00000000f2400000,0x00000000f2400000,0x00000000f8b80000)
 ParOldGen       total 449024K, used 145784K [0x00000000a0000000, 0x00000000bb680000, 0x00000000e0000000)
  object space 449024K, 32% used [0x00000000a0000000,0x00000000a8e5e3e0,0x00000000bb680000)
 Metaspace       used 220337K, capacity 234908K, committed 246976K, reserved 1259520K
  class space    used 28295K, capacity 30889K, committed 36440K, reserved 1048576K
Event: 26957.959 GC heap after
Heap after GC invocations=95 (full 6):
 PSYoungGen      total 404992K, used 18436K [0x00000000e0000000, 0x00000000ff600000, 0x0000000100000000)
  eden space 299008K, 0% used [0x00000000e0000000,0x00000000e0000000,0x00000000f2400000)
  from space 105984K, 17% used [0x00000000f2400000,0x00000000f3601188,0x00000000f8b80000)
  to   space 102400K, 0% used [0x00000000f9200000,0x00000000f9200000,0x00000000ff600000)
 ParOldGen       total 449024K, used 155330K [0x00000000a0000000, 0x00000000bb680000, 0x00000000e0000000)
  object space 449024K, 34% used [0x00000000a0000000,0x00000000a97b0980,0x00000000bb680000)
 Metaspace       used 220337K, capacity 234908K, committed 246976K, reserved 1259520K
  class space    used 28295K, capacity 30889K, committed 36440K, reserved 1048576K
}
Event: 28305.363 GC heap before
{Heap before GC invocations=96 (full 6):
 PSYoungGen      total 404992K, used 317444K [0x00000000e0000000, 0x00000000ff600000, 0x0000000100000000)
  eden space 299008K, 100% used [0x00000000e0000000,0x00000000f2400000,0x00000000f2400000)
  from space 105984K, 17% used [0x00000000f2400000,0x00000000f3601188,0x00000000f8b80000)
  to   space 102400K, 0% used [0x00000000f9200000,0x00000000f9200000,0x00000000ff600000)
 ParOldGen       total 449024K, used 155330K [0x00000000a0000000, 0x00000000bb680000, 0x00000000e0000000)
  object space 449024K, 34% used [0x00000000a0000000,0x00000000a97b0980,0x00000000bb680000)
 Metaspace       used 229217K, capacity 244516K, committed 250432K, reserved 1263616K
  class space    used 29475K, capacity 32186K, committed 36440K, reserved 1048576K
Event: 28305.427 GC heap after
Heap after GC invocations=96 (full 6):
 PSYoungGen      total 414720K, used 15041K [0x00000000e0000000, 0x00000000ff680000, 0x0000000100000000)
  eden space 312320K, 0% used [0x00000000e0000000,0x00000000e0000000,0x00000000f3100000)
  from space 102400K, 14% used [0x00000000f9200000,0x00000000fa0b0620,0x00000000ff600000)
  to   space 99328K, 0% used [0x00000000f3100000,0x00000000f3100000,0x00000000f9200000)
 ParOldGen       total 449024K, used 162806K [0x00000000a0000000, 0x00000000bb680000, 0x00000000e0000000)
  object space 449024K, 36% used [0x00000000a0000000,0x00000000a9efd8d8,0x00000000bb680000)
 Metaspace       used 229217K, capacity 244516K, committed 250432K, reserved 1263616K
  class space    used 29475K, capacity 32186K, committed 36440K, reserved 1048576K
}
Event: 28310.476 GC heap before
{Heap before GC invocations=97 (full 6):
 PSYoungGen      total 414720K, used 327361K [0x00000000e0000000, 0x00000000ff680000, 0x0000000100000000)
  eden space 312320K, 100% used [0x00000000e0000000,0x00000000f3100000,0x00000000f3100000)
  from space 102400K, 14% used [0x00000000f9200000,0x00000000fa0b0620,0x00000000ff600000)
  to   space 99328K, 0% used [0x00000000f3100000,0x00000000f3100000,0x00000000f9200000)
 ParOldGen       total 449024K, used 162806K [0x00000000a0000000, 0x00000000bb680000, 0x00000000e0000000)
  object space 449024K, 36% used [0x00000000a0000000,0x00000000a9efd8d8,0x00000000bb680000)
 Metaspace       used 243818K, capacity 259832K, committed 262720K, reserved 1275904K
  class space    used 31524K, capacity 34398K, committed 36440K, reserved 1048576K
Event: 28310.600 GC heap after
Heap after GC invocations=97 (full 6):
 PSYoungGen      total 411648K, used 39324K [0x00000000e0000000, 0x00000000ff400000, 0x0000000100000000)
  eden space 312320K, 0% used [0x00000000e0000000,0x00000000e0000000,0x00000000f3100000)
  from space 99328K, 39% used [0x00000000f3100000,0x00000000f5767018,0x00000000f9200000)
  to   space 94720K, 0% used [0x00000000f9780000,0x00000000f9780000,0x00000000ff400000)
 ParOldGen       total 449024K, used 162814K [0x00000000a0000000, 0x00000000bb680000, 0x00000000e0000000)
  object space 449024K, 36% used [0x00000000a0000000,0x00000000a9eff8d8,0x00000000bb680000)
 Metaspace       used 243818K, capacity 259832K, committed 262720K, reserved 1275904K
  class space    used 31524K, capacity 34398K, committed 36440K, reserved 1048576K
}
Event: 28322.537 GC heap before
{Heap before GC invocations=98 (full 6):
 PSYoungGen      total 411648K, used 351644K [0x00000000e0000000, 0x00000000ff400000, 0x0000000100000000)
  eden space 312320K, 100% used [0x00000000e0000000,0x00000000f3100000,0x00000000f3100000)
  from space 99328K, 39% used [0x00000000f3100000,0x00000000f5767018,0x00000000f9200000)
  to   space 94720K, 0% used [0x00000000f9780000,0x00000000f9780000,0x00000000ff400000)
 ParOldGen       total 449024K, used 162814K [0x00000000a0000000, 0x00000000bb680000, 0x00000000e0000000)
  object space 449024K, 36% used [0x00000000a0000000,0x00000000a9eff8d8,0x00000000bb680000)
 Metaspace       used 247412K, capacity 263568K, committed 265792K, reserved 1277952K
  class space    used 31916K, capacity 34834K, committed 36440K, reserved 1048576K
Event: 28322.784 GC heap after
Heap after GC invocations=98 (full 6):
 PSYoungGen      total 415744K, used 53986K [0x00000000e0000000, 0x00000000ffe80000, 0x0000000100000000)
  eden space 321024K, 0% used [0x00000000e0000000,0x00000000e0000000,0x00000000f3980000)
  from space 94720K, 56% used [0x00000000f9780000,0x00000000fcc38b90,0x00000000ff400000)
  to   space 96256K, 0% used [0x00000000f3980000,0x00000000f3980000,0x00000000f9780000)
 ParOldGen       total 449024K, used 188409K [0x00000000a0000000, 0x00000000bb680000, 0x00000000e0000000)
  object space 449024K, 41% used [0x00000000a0000000,0x00000000ab7fe5b8,0x00000000bb680000)
 Metaspace       used 247412K, capacity 263568K, committed 265792K, reserved 1277952K
  class space    used 31916K, capacity 34834K, committed 36440K, reserved 1048576K
}

